<?xml version="1.0" encoding="UTF-8"?>
<!-- Generated by org.testng.reporters.JUnitReportReporter -->
<testsuite hostname="DESKTOP-2B0V6O8" failures="0" tests="1" name="testCases.TC_002_CreateOfficesTest" time="112.967" errors="0" timestamp="2022-12-05T16:58:01 IST" skipped="0">
  <testcase classname="testCases.TC_002_CreateOfficesTest" name="createoffice" time="112.967"/>
  <system-out/>
</testsuite> <!-- testCases.TC_002_CreateOfficesTest -->
