<?xml version="1.0" encoding="UTF-8"?>
<!-- Generated by org.testng.reporters.JUnitReportReporter -->
<testsuite hostname="DESKTOP-2B0V6O8" failures="0" tests="1" name="testCases.TC_001_LoginTest" time="3.565" errors="0" timestamp="2022-12-05T16:49:38 IST" skipped="0">
  <testcase classname="testCases.TC_001_LoginTest" name="Logintest" time="3.565"/>
  <system-out/>
</testsuite> <!-- testCases.TC_001_LoginTest -->
