<?xml version="1.0" encoding="UTF-8"?>
<!-- Generated by org.testng.reporters.JUnitReportReporter -->
<testsuite hostname="DESKTOP-2B0V6O8" failures="0" tests="1" name="testCases.TC_003_CreateUsersTest" time="19.825" errors="0" timestamp="2022-12-05T21:15:22 IST" skipped="0">
  <testcase classname="testCases.TC_003_CreateUsersTest" name="createoffice" time="19.825"/>
  <system-out/>
</testsuite> <!-- testCases.TC_003_CreateUsersTest -->
